<?xml version="1.0" encoding="UTF-8"?>
<!-- Generated by org.testng.reporters.JUnitReportReporter -->
<testsuite ignored="0" hostname="Lenovo-PC" failures="0" tests="1" name="com.ty.executor.Driver" time="4.588" errors="0" timestamp="08 Feb 2018 13:25:48 GMT" skipped="0">
  <testcase classname="com.ty.executor.Driver" name="testCases" time="4.588"/>
</testsuite> <!-- com.ty.executor.Driver -->
