<?xml version="1.0" encoding="UTF-8"?>
<!-- Generated by org.testng.reporters.JUnitReportReporter -->
<testsuite name="com.ty.ActitimeLoginSystemTestCase" tests="1" time="10.211" ignored="0" failures="0" timestamp="01 Feb 2018 12:02:19 GMT" skipped="0" hostname="Lenovo-PC" errors="0">
  <testcase name="loginAndLogout" time="10.211" classname="com.ty.ActitimeLoginSystemTestCase"/>
</testsuite> <!-- com.ty.ActitimeLoginSystemTestCase -->
